mode: count
github.com/repejota/apiholdit/apiholdit.go:29.57,37.2 7 5
github.com/repejota/apiholdit/apiholdit.go:40.64,43.16 3 2
github.com/repejota/apiholdit/apiholdit.go:46.2,47.12 2 1
github.com/repejota/apiholdit/apiholdit.go:43.16,45.3 1 1
github.com/repejota/apiholdit/apiholdit.go:51.64,54.16 3 2
github.com/repejota/apiholdit/apiholdit.go:57.2,58.12 2 1
github.com/repejota/apiholdit/apiholdit.go:54.16,56.3 1 1
github.com/repejota/apiholdit/apiholdit.go:62.38,65.16 2 0
github.com/repejota/apiholdit/apiholdit.go:70.2,71.16 2 0
github.com/repejota/apiholdit/apiholdit.go:74.2,75.16 2 0
github.com/repejota/apiholdit/apiholdit.go:78.2,102.16 17 0
github.com/repejota/apiholdit/apiholdit.go:106.2,106.12 1 0
github.com/repejota/apiholdit/apiholdit.go:65.16,67.3 1 0
github.com/repejota/apiholdit/apiholdit.go:71.16,73.3 1 0
github.com/repejota/apiholdit/apiholdit.go:75.16,77.3 1 0
github.com/repejota/apiholdit/apiholdit.go:102.16,104.3 1 0
github.com/repejota/apiholdit/apiholdit.go:110.58,113.16 3 0
github.com/repejota/apiholdit/apiholdit.go:116.2,116.20 1 0
github.com/repejota/apiholdit/apiholdit.go:113.16,115.3 1 0
github.com/repejota/apiholdit/apiholdit.go:120.70,125.2 4 0
github.com/repejota/apiholdit/apiholdit.go:128.52,133.16 5 4
github.com/repejota/apiholdit/apiholdit.go:137.2,137.12 1 2
github.com/repejota/apiholdit/apiholdit.go:141.2,142.17 2 2
github.com/repejota/apiholdit/apiholdit.go:133.16,136.3 2 2
github.com/repejota/apiholdit/apiholdit.go:137.12,140.3 2 0
github.com/repejota/apiholdit/apiholdit.go:147.87,150.48 2 0
github.com/repejota/apiholdit/apiholdit.go:155.2,156.60 2 0
github.com/repejota/apiholdit/apiholdit.go:167.2,167.27 1 0
github.com/repejota/apiholdit/apiholdit.go:150.48,152.3 1 0
github.com/repejota/apiholdit/apiholdit.go:156.60,160.17 3 0
github.com/repejota/apiholdit/apiholdit.go:164.3,164.45 1 0
github.com/repejota/apiholdit/apiholdit.go:160.17,162.4 1 0
github.com/repejota/apiholdit/apiholdit.go:29.57,37.2 7 5
github.com/repejota/apiholdit/apiholdit.go:40.64,43.16 3 2
github.com/repejota/apiholdit/apiholdit.go:46.2,47.12 2 1
github.com/repejota/apiholdit/apiholdit.go:43.16,45.3 1 1
github.com/repejota/apiholdit/apiholdit.go:51.64,54.16 3 2
github.com/repejota/apiholdit/apiholdit.go:57.2,58.12 2 1
github.com/repejota/apiholdit/apiholdit.go:54.16,56.3 1 1
github.com/repejota/apiholdit/apiholdit.go:62.38,65.16 2 0
github.com/repejota/apiholdit/apiholdit.go:70.2,71.16 2 0
github.com/repejota/apiholdit/apiholdit.go:74.2,75.16 2 0
github.com/repejota/apiholdit/apiholdit.go:78.2,102.16 17 0
github.com/repejota/apiholdit/apiholdit.go:106.2,106.12 1 0
github.com/repejota/apiholdit/apiholdit.go:65.16,67.3 1 0
github.com/repejota/apiholdit/apiholdit.go:71.16,73.3 1 0
github.com/repejota/apiholdit/apiholdit.go:75.16,77.3 1 0
github.com/repejota/apiholdit/apiholdit.go:102.16,104.3 1 0
github.com/repejota/apiholdit/apiholdit.go:110.58,113.16 3 0
github.com/repejota/apiholdit/apiholdit.go:116.2,116.20 1 0
github.com/repejota/apiholdit/apiholdit.go:113.16,115.3 1 0
github.com/repejota/apiholdit/apiholdit.go:120.70,125.2 4 0
github.com/repejota/apiholdit/apiholdit.go:128.52,133.16 5 4
github.com/repejota/apiholdit/apiholdit.go:137.2,137.12 1 2
github.com/repejota/apiholdit/apiholdit.go:141.2,142.17 2 2
github.com/repejota/apiholdit/apiholdit.go:133.16,136.3 2 2
github.com/repejota/apiholdit/apiholdit.go:137.12,140.3 2 0
github.com/repejota/apiholdit/apiholdit.go:147.87,150.48 2 0
github.com/repejota/apiholdit/apiholdit.go:155.2,156.60 2 0
github.com/repejota/apiholdit/apiholdit.go:167.2,167.27 1 0
github.com/repejota/apiholdit/apiholdit.go:150.48,152.3 1 0
github.com/repejota/apiholdit/apiholdit.go:156.60,160.17 3 0
github.com/repejota/apiholdit/apiholdit.go:164.3,164.45 1 0
github.com/repejota/apiholdit/apiholdit.go:160.17,162.4 1 0
github.com/repejota/apiholdit/routes/placeholder.go:13.58,17.16 3 0
github.com/repejota/apiholdit/routes/placeholder.go:22.2,24.16 3 0
github.com/repejota/apiholdit/routes/placeholder.go:29.2,33.16 4 0
github.com/repejota/apiholdit/routes/placeholder.go:38.2,40.16 3 0
github.com/repejota/apiholdit/routes/placeholder.go:45.2,46.16 2 0
github.com/repejota/apiholdit/routes/placeholder.go:51.2,52.16 2 0
github.com/repejota/apiholdit/routes/placeholder.go:57.2,60.16 4 0
github.com/repejota/apiholdit/routes/placeholder.go:17.16,20.3 2 0
github.com/repejota/apiholdit/routes/placeholder.go:24.16,27.3 2 0
github.com/repejota/apiholdit/routes/placeholder.go:33.16,36.3 2 0
github.com/repejota/apiholdit/routes/placeholder.go:40.16,43.3 2 0
github.com/repejota/apiholdit/routes/placeholder.go:46.16,49.3 2 0
github.com/repejota/apiholdit/routes/placeholder.go:52.16,55.3 2 0
github.com/repejota/apiholdit/routes/placeholder.go:60.16,63.3 2 0
github.com/repejota/apiholdit/routes/teapot.go:11.53,14.2 2 1
github.com/repejota/apiholdit/routes/placeholder.go:13.58,17.16 3 0
github.com/repejota/apiholdit/routes/placeholder.go:22.2,24.16 3 0
github.com/repejota/apiholdit/routes/placeholder.go:29.2,33.16 4 0
github.com/repejota/apiholdit/routes/placeholder.go:38.2,40.16 3 0
github.com/repejota/apiholdit/routes/placeholder.go:45.2,46.16 2 0
github.com/repejota/apiholdit/routes/placeholder.go:51.2,52.16 2 0
github.com/repejota/apiholdit/routes/placeholder.go:57.2,60.16 4 0
github.com/repejota/apiholdit/routes/placeholder.go:17.16,20.3 2 0
github.com/repejota/apiholdit/routes/placeholder.go:24.16,27.3 2 0
github.com/repejota/apiholdit/routes/placeholder.go:33.16,36.3 2 0
github.com/repejota/apiholdit/routes/placeholder.go:40.16,43.3 2 0
github.com/repejota/apiholdit/routes/placeholder.go:46.16,49.3 2 0
github.com/repejota/apiholdit/routes/placeholder.go:52.16,55.3 2 0
github.com/repejota/apiholdit/routes/placeholder.go:60.16,63.3 2 0
github.com/repejota/apiholdit/routes/teapot.go:11.53,14.2 2 1
